<?xml version="1.0" encoding="UTF-8"?>
<!-- Generated by org.testng.reporters.JUnitReportReporter -->
<testsuite hostname="DESKTOP-3LKDKLS" failures="0" tests="1" name="pkgmavenforjenkins.WebDriverMgr" time="6.597" errors="0" timestamp="2023-12-24T16:45:18 CET" skipped="0">
  <testcase classname="pkgmavenforjenkins.WebDriverMgr" name="StartBrowser" time="6.597"/>
  <system-out/>
</testsuite> <!-- pkgmavenforjenkins.WebDriverMgr -->
