<?xml version="1.0" encoding="UTF-8"?>
<!-- Generated by org.testng.reporters.JUnitReportReporter -->
<testsuite hostname="DESKTOP-3LKDKLS" failures="0" tests="1" name="pkgmavenforjenkins.WebDriverMgr" time="4.648" errors="0" timestamp="2023-12-23T16:47:49 CET" skipped="0">
  <testcase classname="pkgmavenforjenkins.WebDriverMgr" name="StartBrowser" time="4.648"/>
  <system-out/>
</testsuite> <!-- pkgmavenforjenkins.WebDriverMgr -->
