<?xml version="1.0" encoding="UTF-8"?>
<!-- Generated by org.testng.reporters.JUnitReportReporter -->
<testsuite hostname="DESKTOP-3LKDKLS" failures="0" tests="1" name="pkgmavenforjenkins.WebDriverMgr" time="5.341" errors="0" timestamp="2024-01-22T10:47:56 CET" skipped="0">
  <testcase classname="pkgmavenforjenkins.WebDriverMgr" name="StartBrowser" time="5.341"/>
  <system-out/>
</testsuite> <!-- pkgmavenforjenkins.WebDriverMgr -->
